#
# There is insufficient memory for the Java Runtime Environment to continue.
# Native memory allocation (malloc) failed to allocate 1647376 bytes for Chunk::new
# Possible reasons:
#   The system is out of physical RAM or swap space
#   The process is running with CompressedOops enabled, and the Java Heap may be blocking the growth of the native heap
# Possible solutions:
#   Reduce memory load on the system
#   Increase physical memory or swap space
#   Check if swap backing store is full
#   Decrease Java heap size (-Xmx/-Xms)
#   Decrease number of Java threads
#   Decrease Java thread stack sizes (-Xss)
#   Set larger code cache with -XX:ReservedCodeCacheSize=
#   JVM is running with Zero Based Compressed Oops mode in which the Java heap is
#     placed in the first 32GB address space. The Java Heap base address is the
#     maximum limit for the native heap growth. Please use -XX:HeapBaseMinAddress
#     to set the Java Heap base and to place the Java Heap above 32GB virtual address.
# This output file may be truncated or incomplete.
#
#  Out of Memory Error (arena.cpp:189), pid=2396, tid=8188
#
# JRE version: OpenJDK Runtime Environment (17.0.6) (build 17.0.6+0-b2043.56-9586694)
# Java VM: OpenJDK 64-Bit Server VM (17.0.6+0-b2043.56-9586694, mixed mode, tiered, compressed oops, compressed class ptrs, g1 gc, windows-amd64)
# No core dump will be written. Minidumps are not enabled by default on client versions of Windows
#

---------------  S U M M A R Y ------------

Command Line: org.jetbrains.kotlin.cli.jvm.K2JVMCompiler @E:\androidProjects\tawajood\AghsiliniCustomer\app\build\20231211_17508373771527285933.compiler.options

Host: 11th Gen Intel(R) Core(TM) i5-11400F @ 2.60GHz, 12 cores, 15G,  Windows 10 , 64 bit Build 19041 (10.0.19041.3636)
Time: Mon Dec 11 18:19:43 2023 Egypt Standard Time elapsed time: 10.318694 seconds (0d 0h 0m 10s)

---------------  T H R E A D  ---------------

Current thread (0x000001c225065c30):  JavaThread "C2 CompilerThread1" daemon [_thread_in_native, id=8188, stack(0x000000059dd00000,0x000000059de00000)]


Current CompileTask:
C2:  10318 9607       4       org.jetbrains.kotlin.types.DescriptorSubstitutor::substituteTypeParameters (389 bytes)

Stack: [0x000000059dd00000,0x000000059de00000]
Native frames: (J=compiled Java code, j=interpreted, Vv=VM code, C=native code)
V  [jvm.dll+0x683b4a]
V  [jvm.dll+0x842654]
V  [jvm.dll+0x843dfe]
V  [jvm.dll+0x844463]
V  [jvm.dll+0x249b75]
V  [jvm.dll+0xabcac]
V  [jvm.dll+0xac27c]
V  [jvm.dll+0x368857]
V  [jvm.dll+0x1bd0b8]
V  [jvm.dll+0x21c359]
V  [jvm.dll+0x21b621]
V  [jvm.dll+0x1a4fdd]
V  [jvm.dll+0x22b098]
V  [jvm.dll+0x229159]
V  [jvm.dll+0x7f809c]
V  [jvm.dll+0x7f25fa]
V  [jvm.dll+0x682985]
C  [ucrtbase.dll+0x21bb2]
C  [KERNEL32.DLL+0x17344]
C  [ntdll.dll+0x526b1]


---------------  P R O C E S S  ---------------

Threads class SMR info:
_java_thread_list=0x000001c2251501e0, length=14, elements={
0x000001c203509330, 0x000001c222c5a5b0, 0x000001c222c5b160, 0x000001c222c79570,
0x000001c222c7b130, 0x000001c222cbe010, 0x000001c222cbe9c0, 0x000001c222cbf750,
0x000001c222cc1340, 0x000001c222cc1d30, 0x000001c222e592a0, 0x000001c222e6c410,
0x000001c225065c30, 0x000001c2244e4370
}

Java Threads: ( => current thread )
  0x000001c203509330 JavaThread "main" [_thread_in_Java, id=552, stack(0x000000059ca00000,0x000000059cb00000)]
  0x000001c222c5a5b0 JavaThread "Reference Handler" daemon [_thread_blocked, id=15672, stack(0x000000059d100000,0x000000059d200000)]
  0x000001c222c5b160 JavaThread "Finalizer" daemon [_thread_blocked, id=9628, stack(0x000000059d200000,0x000000059d300000)]
  0x000001c222c79570 JavaThread "Signal Dispatcher" daemon [_thread_blocked, id=5128, stack(0x000000059d300000,0x000000059d400000)]
  0x000001c222c7b130 JavaThread "Attach Listener" daemon [_thread_blocked, id=13908, stack(0x000000059d400000,0x000000059d500000)]
  0x000001c222cbe010 JavaThread "Service Thread" daemon [_thread_blocked, id=8572, stack(0x000000059d500000,0x000000059d600000)]
  0x000001c222cbe9c0 JavaThread "Monitor Deflation Thread" daemon [_thread_blocked, id=13724, stack(0x000000059d600000,0x000000059d700000)]
  0x000001c222cbf750 JavaThread "C2 CompilerThread0" daemon [_thread_in_native, id=3204, stack(0x000000059d700000,0x000000059d800000)]
  0x000001c222cc1340 JavaThread "C1 CompilerThread0" daemon [_thread_blocked, id=15052, stack(0x000000059d800000,0x000000059d900000)]
  0x000001c222cc1d30 JavaThread "Sweeper thread" daemon [_thread_blocked, id=12352, stack(0x000000059d900000,0x000000059da00000)]
  0x000001c222e592a0 JavaThread "Notification Thread" daemon [_thread_blocked, id=11392, stack(0x000000059da00000,0x000000059db00000)]
  0x000001c222e6c410 JavaThread "Common-Cleaner" daemon [_thread_blocked, id=5424, stack(0x000000059dc00000,0x000000059dd00000)]
=>0x000001c225065c30 JavaThread "C2 CompilerThread1" daemon [_thread_in_native, id=8188, stack(0x000000059dd00000,0x000000059de00000)]
  0x000001c2244e4370 JavaThread "C2 CompilerThread2" daemon [_thread_in_native, id=13732, stack(0x000000059e300000,0x000000059e400000)]

Other Threads:
  0x000001c222c6ec10 VMThread "VM Thread" [stack: 0x000000059d000000,0x000000059d100000] [id=10592]
  0x000001c2035a5720 WatcherThread [stack: 0x000000059db00000,0x000000059dc00000] [id=11020]
  0x000001c203578980 GCTaskThread "GC Thread#0" [stack: 0x000000059cb00000,0x000000059cc00000] [id=9172]
  0x000001c223208210 GCTaskThread "GC Thread#1" [stack: 0x000000059de00000,0x000000059df00000] [id=7156]
  0x000001c223483da0 GCTaskThread "GC Thread#2" [stack: 0x000000059df00000,0x000000059e000000] [id=8696]
  0x000001c223673b60 GCTaskThread "GC Thread#3" [stack: 0x000000059e000000,0x000000059e100000] [id=8156]
  0x000001c223674a40 GCTaskThread "GC Thread#4" [stack: 0x000000059e100000,0x000000059e200000] [id=10528]
  0x000001c223674cf0 GCTaskThread "GC Thread#5" [stack: 0x000000059e200000,0x000000059e300000] [id=7592]
  0x000001c224700b10 GCTaskThread "GC Thread#6" [stack: 0x000000059e400000,0x000000059e500000] [id=15884]
  0x000001c224bb6440 GCTaskThread "GC Thread#7" [stack: 0x000000059e500000,0x000000059e600000] [id=6108]
  0x000001c224bfb540 GCTaskThread "GC Thread#8" [stack: 0x000000059e600000,0x000000059e700000] [id=8228]
  0x000001c224bfc810 GCTaskThread "GC Thread#9" [stack: 0x000000059e700000,0x000000059e800000] [id=16160]
  0x000001c203589740 ConcurrentGCThread "G1 Main Marker" [stack: 0x000000059cc00000,0x000000059cd00000] [id=15868]
  0x000001c20358a150 ConcurrentGCThread "G1 Conc#0" [stack: 0x000000059cd00000,0x000000059ce00000] [id=14772]
  0x000001c224bfbd50 ConcurrentGCThread "G1 Conc#1" [stack: 0x000000059e800000,0x000000059e900000] [id=14576]
  0x000001c224bfb7f0 ConcurrentGCThread "G1 Conc#2" [stack: 0x000000059e900000,0x000000059ea00000] [id=13196]
  0x000001c2035d5020 ConcurrentGCThread "G1 Refine#0" [stack: 0x000000059ce00000,0x000000059cf00000] [id=3268]
  0x000001c227884430 ConcurrentGCThread "G1 Refine#1" [stack: 0x000000059ea00000,0x000000059eb00000] [id=14352]
  0x000001c227882490 ConcurrentGCThread "G1 Refine#2" [stack: 0x000000059eb00000,0x000000059ec00000] [id=8520]
  0x000001c227881630 ConcurrentGCThread "G1 Refine#3" [stack: 0x000000059ec00000,0x000000059ed00000] [id=8168]
  0x000001c227881910 ConcurrentGCThread "G1 Refine#4" [stack: 0x000000059ed00000,0x000000059ee00000] [id=7288]
  0x000001c2035d5a40 ConcurrentGCThread "G1 Service" [stack: 0x000000059cf00000,0x000000059d000000] [id=9892]

Threads with active compile tasks:
C2 CompilerThread0    10328 9732       4       org.jetbrains.kotlin.descriptors.impl.FunctionDescriptorImpl::doSubstitute (980 bytes)
C2 CompilerThread1    10328 9607       4       org.jetbrains.kotlin.types.DescriptorSubstitutor::substituteTypeParameters (389 bytes)
C2 CompilerThread2    10329 9735       4       org.jetbrains.kotlin.descriptors.impl.FunctionDescriptorImpl::getSubstitutedValueParameters (270 bytes)

VM state: not at safepoint (normal execution)

VM Mutex/Monitor currently owned by a thread: None

Heap address: 0x0000000701800000, size: 4072 MB, Compressed Oops mode: Zero based, Oop shift amount: 3

CDS archive(s) not mapped
Compressed class space mapped at: 0x0000000800000000-0x0000000840000000, reserved size: 1073741824
Narrow klass base: 0x0000000800000000, Narrow klass shift: 0, Narrow klass range: 0x40000000

GC Precious Log:
 CPUs: 12 total, 12 available
 Memory: 16281M
 Large Page Support: Disabled
 NUMA Support: Disabled
 Compressed Oops: Enabled (Zero based)
 Heap Region Size: 2M
 Heap Min Capacity: 8M
 Heap Initial Capacity: 256M
 Heap Max Capacity: 4072M
 Pre-touch: Disabled
 Parallel Workers: 10
 Concurrent Workers: 3
 Concurrent Refinement Workers: 10
 Periodic GC: Disabled

Heap:
 garbage-first heap   total 315392K, used 107195K [0x0000000701800000, 0x0000000800000000)
  region size 2048K, 10 young (20480K), 3 survivors (6144K)
 Metaspace       used 64774K, committed 65088K, reserved 1114112K
  class space    used 7542K, committed 7680K, reserved 1048576K

Heap Regions: E=young(eden), S=young(survivor), O=old, HS=humongous(starts), HC=humongous(continues), CS=collection set, F=free, OA=open archive, CA=closed archive, TAMS=top-at-mark-start (previous, next)
|   0|0x0000000701800000, 0x0000000701a00000, 0x0000000701a00000|100%|HS|  |TAMS 0x0000000701a00000, 0x0000000701800000| Complete 
|   1|0x0000000701a00000, 0x0000000701c00000, 0x0000000701c00000|100%|HC|  |TAMS 0x0000000701c00000, 0x0000000701a00000| Complete 
|   2|0x0000000701c00000, 0x0000000701e00000, 0x0000000701e00000|100%|HS|  |TAMS 0x0000000701e00000, 0x0000000701c00000| Complete 
|   3|0x0000000701e00000, 0x0000000702000000, 0x0000000702000000|100%|HS|  |TAMS 0x0000000702000000, 0x0000000701e00000| Complete 
|   4|0x0000000702000000, 0x0000000702200000, 0x0000000702200000|100%|HC|  |TAMS 0x0000000702200000, 0x0000000702000000| Complete 
|   5|0x0000000702200000, 0x0000000702400000, 0x0000000702400000|100%| O|  |TAMS 0x0000000702400000, 0x0000000702200000| Untracked 
|   6|0x0000000702400000, 0x0000000702600000, 0x0000000702600000|100%| O|  |TAMS 0x0000000702600000, 0x0000000702400000| Untracked 
|   7|0x0000000702600000, 0x0000000702800000, 0x0000000702800000|100%| O|  |TAMS 0x0000000702800000, 0x0000000702600000| Untracked 
|   8|0x0000000702800000, 0x0000000702a00000, 0x0000000702a00000|100%| O|  |TAMS 0x0000000702a00000, 0x0000000702800000| Untracked 
|   9|0x0000000702a00000, 0x0000000702c00000, 0x0000000702c00000|100%| O|  |TAMS 0x0000000702c00000, 0x0000000702a00000| Untracked 
|  10|0x0000000702c00000, 0x0000000702c00000, 0x0000000702e00000|  0%| F|  |TAMS 0x0000000702c00000, 0x0000000702c00000| Untracked 
|  11|0x0000000702e00000, 0x0000000703000000, 0x0000000703000000|100%| O|  |TAMS 0x0000000703000000, 0x0000000702e00000| Untracked 
|  12|0x0000000703000000, 0x0000000703200000, 0x0000000703200000|100%| O|  |TAMS 0x0000000703200000, 0x0000000703000000| Untracked 
|  13|0x0000000703200000, 0x0000000703400000, 0x0000000703400000|100%| O|  |TAMS 0x0000000703400000, 0x0000000703200000| Untracked 
|  14|0x0000000703400000, 0x0000000703600000, 0x0000000703600000|100%| O|  |TAMS 0x0000000703600000, 0x0000000703400000| Untracked 
|  15|0x0000000703600000, 0x0000000703800000, 0x0000000703800000|100%| O|  |TAMS 0x0000000703800000, 0x0000000703600000| Untracked 
|  16|0x0000000703800000, 0x0000000703a00000, 0x0000000703a00000|100%| O|  |TAMS 0x0000000703a00000, 0x0000000703800000| Untracked 
|  17|0x0000000703a00000, 0x0000000703c00000, 0x0000000703c00000|100%| O|  |TAMS 0x0000000703c00000, 0x0000000703a00000| Untracked 
|  18|0x0000000703c00000, 0x0000000703e00000, 0x0000000703e00000|100%| O|  |TAMS 0x0000000703e00000, 0x0000000703c00000| Untracked 
|  19|0x0000000703e00000, 0x0000000704000000, 0x0000000704000000|100%| O|  |TAMS 0x0000000704000000, 0x0000000703e00000| Untracked 
|  20|0x0000000704000000, 0x0000000704200000, 0x0000000704200000|100%| O|  |TAMS 0x0000000704200000, 0x0000000704000000| Untracked 
|  21|0x0000000704200000, 0x0000000704400000, 0x0000000704400000|100%| O|  |TAMS 0x0000000704400000, 0x0000000704200000| Untracked 
|  22|0x0000000704400000, 0x0000000704600000, 0x0000000704600000|100%| O|  |TAMS 0x0000000704600000, 0x0000000704400000| Untracked 
|  23|0x0000000704600000, 0x0000000704800000, 0x0000000704800000|100%| O|  |TAMS 0x0000000704800000, 0x0000000704600000| Untracked 
|  24|0x0000000704800000, 0x0000000704a00000, 0x0000000704a00000|100%| O|  |TAMS 0x0000000704a00000, 0x0000000704800000| Untracked 
|  25|0x0000000704a00000, 0x0000000704c00000, 0x0000000704c00000|100%| O|  |TAMS 0x0000000704c00000, 0x0000000704a00000| Untracked 
|  26|0x0000000704c00000, 0x0000000704e00000, 0x0000000704e00000|100%| O|  |TAMS 0x0000000704e00000, 0x0000000704c00000| Untracked 
|  27|0x0000000704e00000, 0x0000000705000000, 0x0000000705000000|100%|HS|  |TAMS 0x0000000705000000, 0x0000000704e00000| Complete 
|  28|0x0000000705000000, 0x0000000705200000, 0x0000000705200000|100%| O|  |TAMS 0x0000000705200000, 0x0000000705000000| Untracked 
|  29|0x0000000705200000, 0x0000000705400000, 0x0000000705400000|100%| O|  |TAMS 0x0000000705400000, 0x0000000705200000| Untracked 
|  30|0x0000000705400000, 0x0000000705600000, 0x0000000705600000|100%| O|  |TAMS 0x0000000705600000, 0x0000000705400000| Untracked 
|  31|0x0000000705600000, 0x0000000705800000, 0x0000000705800000|100%| O|  |TAMS 0x0000000705800000, 0x0000000705600000| Untracked 
|  32|0x0000000705800000, 0x0000000705a00000, 0x0000000705a00000|100%| O|  |TAMS 0x0000000705a00000, 0x0000000705800000| Untracked 
|  33|0x0000000705a00000, 0x0000000705c00000, 0x0000000705c00000|100%| O|  |TAMS 0x0000000705c00000, 0x0000000705a00000| Untracked 
|  34|0x0000000705c00000, 0x0000000705e00000, 0x0000000705e00000|100%| O|  |TAMS 0x0000000705e00000, 0x0000000705c00000| Untracked 
|  35|0x0000000705e00000, 0x0000000706000000, 0x0000000706000000|100%| O|  |TAMS 0x0000000706000000, 0x0000000705e00000| Untracked 
|  36|0x0000000706000000, 0x0000000706200000, 0x0000000706200000|100%| O|  |TAMS 0x0000000706200000, 0x0000000706000000| Untracked 
|  37|0x0000000706200000, 0x0000000706400000, 0x0000000706400000|100%| O|  |TAMS 0x0000000706400000, 0x0000000706200000| Untracked 
|  38|0x0000000706400000, 0x0000000706600000, 0x0000000706600000|100%| O|  |TAMS 0x0000000706600000, 0x0000000706400000| Untracked 
|  39|0x0000000706600000, 0x0000000706800000, 0x0000000706800000|100%| O|  |TAMS 0x0000000706800000, 0x0000000706600000| Untracked 
|  40|0x0000000706800000, 0x0000000706a00000, 0x0000000706a00000|100%| O|  |TAMS 0x0000000706a00000, 0x0000000706800000| Complete 
|  41|0x0000000706a00000, 0x0000000706c00000, 0x0000000706c00000|100%| O|  |TAMS 0x0000000706c00000, 0x0000000706a00000| Untracked 
|  42|0x0000000706c00000, 0x0000000706e00000, 0x0000000706e00000|100%| O|  |TAMS 0x0000000706e00000, 0x0000000706c00000| Untracked 
|  43|0x0000000706e00000, 0x0000000707000000, 0x0000000707000000|100%| O|  |TAMS 0x0000000707000000, 0x0000000706e00000| Untracked 
|  44|0x0000000707000000, 0x0000000707152000, 0x0000000707200000| 66%| O|  |TAMS 0x0000000707152000, 0x0000000707000000| Untracked 
|  45|0x0000000707200000, 0x0000000707200000, 0x0000000707400000|  0%| F|  |TAMS 0x0000000707200000, 0x0000000707200000| Untracked 
|  46|0x0000000707400000, 0x0000000707400000, 0x0000000707600000|  0%| F|  |TAMS 0x0000000707400000, 0x0000000707400000| Untracked 
|  47|0x0000000707600000, 0x0000000707600000, 0x0000000707800000|  0%| F|  |TAMS 0x0000000707600000, 0x0000000707600000| Untracked 
|  48|0x0000000707800000, 0x0000000707800000, 0x0000000707a00000|  0%| F|  |TAMS 0x0000000707800000, 0x0000000707800000| Untracked 
|  49|0x0000000707a00000, 0x0000000707a00000, 0x0000000707c00000|  0%| F|  |TAMS 0x0000000707a00000, 0x0000000707a00000| Untracked 
|  50|0x0000000707c00000, 0x0000000707c00000, 0x0000000707e00000|  0%| F|  |TAMS 0x0000000707c00000, 0x0000000707c00000| Untracked 
|  51|0x0000000707e00000, 0x0000000707e00000, 0x0000000708000000|  0%| F|  |TAMS 0x0000000707e00000, 0x0000000707e00000| Untracked 
|  52|0x0000000708000000, 0x0000000708000000, 0x0000000708200000|  0%| F|  |TAMS 0x0000000708000000, 0x0000000708000000| Untracked 
|  53|0x0000000708200000, 0x0000000708200000, 0x0000000708400000|  0%| F|  |TAMS 0x0000000708200000, 0x0000000708200000| Untracked 
|  54|0x0000000708400000, 0x0000000708400000, 0x0000000708600000|  0%| F|  |TAMS 0x0000000708400000, 0x0000000708400000| Untracked 
|  55|0x0000000708600000, 0x0000000708600000, 0x0000000708800000|  0%| F|  |TAMS 0x0000000708600000, 0x0000000708600000| Untracked 
|  56|0x0000000708800000, 0x0000000708800000, 0x0000000708a00000|  0%| F|  |TAMS 0x0000000708800000, 0x0000000708800000| Untracked 
|  57|0x0000000708a00000, 0x0000000708b5cd50, 0x0000000708c00000| 68%| S|CS|TAMS 0x0000000708a00000, 0x0000000708a00000| Complete 
|  58|0x0000000708c00000, 0x0000000708e00000, 0x0000000708e00000|100%| S|CS|TAMS 0x0000000708c00000, 0x0000000708c00000| Complete 
|  59|0x0000000708e00000, 0x0000000709000000, 0x0000000709000000|100%| S|CS|TAMS 0x0000000708e00000, 0x0000000708e00000| Complete 
|  60|0x0000000709000000, 0x0000000709000000, 0x0000000709200000|  0%| F|  |TAMS 0x0000000709000000, 0x0000000709000000| Untracked 
|  61|0x0000000709200000, 0x0000000709200000, 0x0000000709400000|  0%| F|  |TAMS 0x0000000709200000, 0x0000000709200000| Untracked 
|  62|0x0000000709400000, 0x0000000709400000, 0x0000000709600000|  0%| F|  |TAMS 0x0000000709400000, 0x0000000709400000| Untracked 
|  63|0x0000000709600000, 0x0000000709600000, 0x0000000709800000|  0%| F|  |TAMS 0x0000000709600000, 0x0000000709600000| Untracked 
|  64|0x0000000709800000, 0x0000000709800000, 0x0000000709a00000|  0%| F|  |TAMS 0x0000000709800000, 0x0000000709800000| Untracked 
|  65|0x0000000709a00000, 0x0000000709a00000, 0x0000000709c00000|  0%| F|  |TAMS 0x0000000709a00000, 0x0000000709a00000| Untracked 
|  66|0x0000000709c00000, 0x0000000709c00000, 0x0000000709e00000|  0%| F|  |TAMS 0x0000000709c00000, 0x0000000709c00000| Untracked 
|  67|0x0000000709e00000, 0x0000000709e00000, 0x000000070a000000|  0%| F|  |TAMS 0x0000000709e00000, 0x0000000709e00000| Untracked 
|  68|0x000000070a000000, 0x000000070a000000, 0x000000070a200000|  0%| F|  |TAMS 0x000000070a000000, 0x000000070a000000| Untracked 
|  69|0x000000070a200000, 0x000000070a200000, 0x000000070a400000|  0%| F|  |TAMS 0x000000070a200000, 0x000000070a200000| Untracked 
|  70|0x000000070a400000, 0x000000070a400000, 0x000000070a600000|  0%| F|  |TAMS 0x000000070a400000, 0x000000070a400000| Untracked 
|  71|0x000000070a600000, 0x000000070a600000, 0x000000070a800000|  0%| F|  |TAMS 0x000000070a600000, 0x000000070a600000| Untracked 
|  72|0x000000070a800000, 0x000000070a800000, 0x000000070aa00000|  0%| F|  |TAMS 0x000000070a800000, 0x000000070a800000| Untracked 
|  73|0x000000070aa00000, 0x000000070aa00000, 0x000000070ac00000|  0%| F|  |TAMS 0x000000070aa00000, 0x000000070aa00000| Untracked 
|  74|0x000000070ac00000, 0x000000070ac00000, 0x000000070ae00000|  0%| F|  |TAMS 0x000000070ac00000, 0x000000070ac00000| Untracked 
|  75|0x000000070ae00000, 0x000000070ae00000, 0x000000070b000000|  0%| F|  |TAMS 0x000000070ae00000, 0x000000070ae00000| Untracked 
|  76|0x000000070b000000, 0x000000070b000000, 0x000000070b200000|  0%| F|  |TAMS 0x000000070b000000, 0x000000070b000000| Untracked 
|  77|0x000000070b200000, 0x000000070b200000, 0x000000070b400000|  0%| F|  |TAMS 0x000000070b200000, 0x000000070b200000| Untracked 
|  78|0x000000070b400000, 0x000000070b400000, 0x000000070b600000|  0%| F|  |TAMS 0x000000070b400000, 0x000000070b400000| Untracked 
|  79|0x000000070b600000, 0x000000070b600000, 0x000000070b800000|  0%| F|  |TAMS 0x000000070b600000, 0x000000070b600000| Untracked 
|  80|0x000000070b800000, 0x000000070b800000, 0x000000070ba00000|  0%| F|  |TAMS 0x000000070b800000, 0x000000070b800000| Untracked 
|  81|0x000000070ba00000, 0x000000070ba00000, 0x000000070bc00000|  0%| F|  |TAMS 0x000000070ba00000, 0x000000070ba00000| Untracked 
|  82|0x000000070bc00000, 0x000000070bc00000, 0x000000070be00000|  0%| F|  |TAMS 0x000000070bc00000, 0x000000070bc00000| Untracked 
|  83|0x000000070be00000, 0x000000070be00000, 0x000000070c000000|  0%| F|  |TAMS 0x000000070be00000, 0x000000070be00000| Untracked 
|  84|0x000000070c000000, 0x000000070c000000, 0x000000070c200000|  0%| F|  |TAMS 0x000000070c000000, 0x000000070c000000| Untracked 
|  85|0x000000070c200000, 0x000000070c200000, 0x000000070c400000|  0%| F|  |TAMS 0x000000070c200000, 0x000000070c200000| Untracked 
|  86|0x000000070c400000, 0x000000070c400000, 0x000000070c600000|  0%| F|  |TAMS 0x000000070c400000, 0x000000070c400000| Untracked 
|  87|0x000000070c600000, 0x000000070c600000, 0x000000070c800000|  0%| F|  |TAMS 0x000000070c600000, 0x000000070c600000| Untracked 
|  88|0x000000070c800000, 0x000000070c800000, 0x000000070ca00000|  0%| F|  |TAMS 0x000000070c800000, 0x000000070c800000| Untracked 
|  89|0x000000070ca00000, 0x000000070ca00000, 0x000000070cc00000|  0%| F|  |TAMS 0x000000070ca00000, 0x000000070ca00000| Untracked 
|  90|0x000000070cc00000, 0x000000070cc00000, 0x000000070ce00000|  0%| F|  |TAMS 0x000000070cc00000, 0x000000070cc00000| Untracked 
|  91|0x000000070ce00000, 0x000000070ce00000, 0x000000070d000000|  0%| F|  |TAMS 0x000000070ce00000, 0x000000070ce00000| Untracked 
|  92|0x000000070d000000, 0x000000070d000000, 0x000000070d200000|  0%| F|  |TAMS 0x000000070d000000, 0x000000070d000000| Untracked 
|  93|0x000000070d200000, 0x000000070d200000, 0x000000070d400000|  0%| F|  |TAMS 0x000000070d200000, 0x000000070d200000| Untracked 
|  94|0x000000070d400000, 0x000000070d400000, 0x000000070d600000|  0%| F|  |TAMS 0x000000070d400000, 0x000000070d400000| Untracked 
|  95|0x000000070d600000, 0x000000070d600000, 0x000000070d800000|  0%| F|  |TAMS 0x000000070d600000, 0x000000070d600000| Untracked 
|  96|0x000000070d800000, 0x000000070d800000, 0x000000070da00000|  0%| F|  |TAMS 0x000000070d800000, 0x000000070d800000| Untracked 
|  97|0x000000070da00000, 0x000000070da00000, 0x000000070dc00000|  0%| F|  |TAMS 0x000000070da00000, 0x000000070da00000| Untracked 
|  98|0x000000070dc00000, 0x000000070dc00000, 0x000000070de00000|  0%| F|  |TAMS 0x000000070dc00000, 0x000000070dc00000| Untracked 
|  99|0x000000070de00000, 0x000000070de00000, 0x000000070e000000|  0%| F|  |TAMS 0x000000070de00000, 0x000000070de00000| Untracked 
| 100|0x000000070e000000, 0x000000070e000000, 0x000000070e200000|  0%| F|  |TAMS 0x000000070e000000, 0x000000070e000000| Untracked 
| 101|0x000000070e200000, 0x000000070e200000, 0x000000070e400000|  0%| F|  |TAMS 0x000000070e200000, 0x000000070e200000| Untracked 
| 102|0x000000070e400000, 0x000000070e400000, 0x000000070e600000|  0%| F|  |TAMS 0x000000070e400000, 0x000000070e400000| Untracked 
| 103|0x000000070e600000, 0x000000070e600000, 0x000000070e800000|  0%| F|  |TAMS 0x000000070e600000, 0x000000070e600000| Untracked 
| 104|0x000000070e800000, 0x000000070e800000, 0x000000070ea00000|  0%| F|  |TAMS 0x000000070e800000, 0x000000070e800000| Untracked 
| 105|0x000000070ea00000, 0x000000070ea00000, 0x000000070ec00000|  0%| F|  |TAMS 0x000000070ea00000, 0x000000070ea00000| Untracked 
| 106|0x000000070ec00000, 0x000000070ec00000, 0x000000070ee00000|  0%| F|  |TAMS 0x000000070ec00000, 0x000000070ec00000| Untracked 
| 107|0x000000070ee00000, 0x000000070ee00000, 0x000000070f000000|  0%| F|  |TAMS 0x000000070ee00000, 0x000000070ee00000| Untracked 
| 108|0x000000070f000000, 0x000000070f000000, 0x000000070f200000|  0%| F|  |TAMS 0x000000070f000000, 0x000000070f000000| Untracked 
| 109|0x000000070f200000, 0x000000070f200000, 0x000000070f400000|  0%| F|  |TAMS 0x000000070f200000, 0x000000070f200000| Untracked 
| 110|0x000000070f400000, 0x000000070f400000, 0x000000070f600000|  0%| F|  |TAMS 0x000000070f400000, 0x000000070f400000| Untracked 
| 111|0x000000070f600000, 0x000000070f600000, 0x000000070f800000|  0%| F|  |TAMS 0x000000070f600000, 0x000000070f600000| Untracked 
| 112|0x000000070f800000, 0x000000070f800000, 0x000000070fa00000|  0%| F|  |TAMS 0x000000070f800000, 0x000000070f800000| Untracked 
| 113|0x000000070fa00000, 0x000000070fa00000, 0x000000070fc00000|  0%| F|  |TAMS 0x000000070fa00000, 0x000000070fa00000| Untracked 
| 114|0x000000070fc00000, 0x000000070fc00000, 0x000000070fe00000|  0%| F|  |TAMS 0x000000070fc00000, 0x000000070fc00000| Untracked 
| 115|0x000000070fe00000, 0x000000070fe00000, 0x0000000710000000|  0%| F|  |TAMS 0x000000070fe00000, 0x000000070fe00000| Untracked 
| 116|0x0000000710000000, 0x0000000710000000, 0x0000000710200000|  0%| F|  |TAMS 0x0000000710000000, 0x0000000710000000| Untracked 
| 117|0x0000000710200000, 0x0000000710200000, 0x0000000710400000|  0%| F|  |TAMS 0x0000000710200000, 0x0000000710200000| Untracked 
| 118|0x0000000710400000, 0x0000000710400000, 0x0000000710600000|  0%| F|  |TAMS 0x0000000710400000, 0x0000000710400000| Untracked 
| 119|0x0000000710600000, 0x0000000710600000, 0x0000000710800000|  0%| F|  |TAMS 0x0000000710600000, 0x0000000710600000| Untracked 
| 120|0x0000000710800000, 0x0000000710800000, 0x0000000710a00000|  0%| F|  |TAMS 0x0000000710800000, 0x0000000710800000| Untracked 
| 121|0x0000000710a00000, 0x0000000710a00000, 0x0000000710c00000|  0%| F|  |TAMS 0x0000000710a00000, 0x0000000710a00000| Untracked 
| 122|0x0000000710c00000, 0x0000000710c00000, 0x0000000710e00000|  0%| F|  |TAMS 0x0000000710c00000, 0x0000000710c00000| Untracked 
| 123|0x0000000710e00000, 0x0000000710e00000, 0x0000000711000000|  0%| F|  |TAMS 0x0000000710e00000, 0x0000000710e00000| Untracked 
| 124|0x0000000711000000, 0x0000000711000000, 0x0000000711200000|  0%| F|  |TAMS 0x0000000711000000, 0x0000000711000000| Untracked 
| 125|0x0000000711200000, 0x0000000711200000, 0x0000000711400000|  0%| F|  |TAMS 0x0000000711200000, 0x0000000711200000| Untracked 
| 126|0x0000000711400000, 0x0000000711400000, 0x0000000711600000|  0%| F|  |TAMS 0x0000000711400000, 0x0000000711400000| Untracked 
| 127|0x0000000711600000, 0x0000000711600000, 0x0000000711800000|  0%| F|  |TAMS 0x0000000711600000, 0x0000000711600000| Untracked 
| 128|0x0000000711800000, 0x0000000711800000, 0x0000000711a00000|  0%| F|  |TAMS 0x0000000711800000, 0x0000000711800000| Untracked 
| 129|0x0000000711a00000, 0x0000000711a00000, 0x0000000711c00000|  0%| F|  |TAMS 0x0000000711a00000, 0x0000000711a00000| Untracked 
| 130|0x0000000711c00000, 0x0000000711c00000, 0x0000000711e00000|  0%| F|  |TAMS 0x0000000711c00000, 0x0000000711c00000| Untracked 
| 131|0x0000000711e00000, 0x0000000711e00000, 0x0000000712000000|  0%| F|  |TAMS 0x0000000711e00000, 0x0000000711e00000| Untracked 
| 132|0x0000000712000000, 0x0000000712000000, 0x0000000712200000|  0%| F|  |TAMS 0x0000000712000000, 0x0000000712000000| Untracked 
| 133|0x0000000712200000, 0x0000000712200000, 0x0000000712400000|  0%| F|  |TAMS 0x0000000712200000, 0x0000000712200000| Untracked 
| 134|0x0000000712400000, 0x0000000712400000, 0x0000000712600000|  0%| F|  |TAMS 0x0000000712400000, 0x0000000712400000| Untracked 
| 135|0x0000000712600000, 0x0000000712600000, 0x0000000712800000|  0%| F|  |TAMS 0x0000000712600000, 0x0000000712600000| Untracked 
| 136|0x0000000712800000, 0x0000000712800000, 0x0000000712a00000|  0%| F|  |TAMS 0x0000000712800000, 0x0000000712800000| Untracked 
| 137|0x0000000712a00000, 0x0000000712a00000, 0x0000000712c00000|  0%| F|  |TAMS 0x0000000712a00000, 0x0000000712a00000| Untracked 
| 138|0x0000000712c00000, 0x0000000712c00000, 0x0000000712e00000|  0%| F|  |TAMS 0x0000000712c00000, 0x0000000712c00000| Untracked 
| 139|0x0000000712e00000, 0x0000000712e00000, 0x0000000713000000|  0%| F|  |TAMS 0x0000000712e00000, 0x0000000712e00000| Untracked 
| 140|0x0000000713000000, 0x0000000713000000, 0x0000000713200000|  0%| F|  |TAMS 0x0000000713000000, 0x0000000713000000| Untracked 
| 141|0x0000000713200000, 0x0000000713200000, 0x0000000713400000|  0%| F|  |TAMS 0x0000000713200000, 0x0000000713200000| Untracked 
| 142|0x0000000713400000, 0x0000000713400000, 0x0000000713600000|  0%| F|  |TAMS 0x0000000713400000, 0x0000000713400000| Untracked 
| 143|0x0000000713600000, 0x0000000713600000, 0x0000000713800000|  0%| F|  |TAMS 0x0000000713600000, 0x0000000713600000| Untracked 
| 144|0x0000000713800000, 0x0000000713800000, 0x0000000713a00000|  0%| F|  |TAMS 0x0000000713800000, 0x0000000713800000| Untracked 
| 145|0x0000000713a00000, 0x0000000713a00000, 0x0000000713c00000|  0%| F|  |TAMS 0x0000000713a00000, 0x0000000713a00000| Untracked 
| 146|0x0000000713c00000, 0x0000000713c00000, 0x0000000713e00000|  0%| F|  |TAMS 0x0000000713c00000, 0x0000000713c00000| Untracked 
| 147|0x0000000713e00000, 0x0000000713f00800, 0x0000000714000000| 50%| E|  |TAMS 0x0000000713e00000, 0x0000000713e00000| Complete 
| 148|0x0000000714000000, 0x0000000714200000, 0x0000000714200000|100%| E|CS|TAMS 0x0000000714000000, 0x0000000714000000| Complete 
| 149|0x0000000714200000, 0x0000000714400000, 0x0000000714400000|100%| E|CS|TAMS 0x0000000714200000, 0x0000000714200000| Complete 
| 150|0x0000000714400000, 0x0000000714600000, 0x0000000714600000|100%| E|CS|TAMS 0x0000000714400000, 0x0000000714400000| Complete 
| 151|0x0000000714600000, 0x0000000714800000, 0x0000000714800000|100%| E|CS|TAMS 0x0000000714600000, 0x0000000714600000| Complete 
| 152|0x0000000714800000, 0x0000000714a00000, 0x0000000714a00000|100%| E|CS|TAMS 0x0000000714800000, 0x0000000714800000| Complete 
| 153|0x0000000714a00000, 0x0000000714c00000, 0x0000000714c00000|100%| E|CS|TAMS 0x0000000714a00000, 0x0000000714a00000| Complete 

Card table byte_map: [0x000001c216730000,0x000001c216f30000] _byte_map_base: 0x000001c212f24000

Marking Bits (Prev, Next): (CMBitMap*) 0x000001c203578f90, (CMBitMap*) 0x000001c203578fd0
 Prev Bits: [0x000001c217730000, 0x000001c21b6d0000)
 Next Bits: [0x000001c21b6d0000, 0x000001c21f670000)

Polling page: 0x000001c2014c0000

Metaspace:

Usage:
  Non-class:     55.89 MB used.
      Class:      7.37 MB used.
       Both:     63.26 MB used.

Virtual space:
  Non-class space:       64.00 MB reserved,      56.06 MB ( 88%) committed,  8 nodes.
      Class space:        1.00 GB reserved,       7.50 MB ( <1%) committed,  1 nodes.
             Both:        1.06 GB reserved,      63.56 MB (  6%) committed. 

Chunk freelists:
   Non-Class:  3.96 MB
       Class:  399.00 KB
        Both:  4.34 MB

MaxMetaspaceSize: unlimited
CompressedClassSpaceSize: 1.00 GB
Initial GC threshold: 21.00 MB
Current GC threshold: 105.88 MB
CDS: off
MetaspaceReclaimPolicy: balanced
 - commit_granule_bytes: 65536.
 - commit_granule_words: 8192.
 - virtual_space_node_default_size: 1048576.
 - enlarge_chunks_in_place: 1.
 - new_chunks_are_fully_committed: 0.
 - uncommit_free_chunks: 1.
 - use_allocation_guard: 0.
 - handle_deallocations: 1.


Internal statistics:

num_allocs_failed_limit: 9.
num_arena_births: 324.
num_arena_deaths: 0.
num_vsnodes_births: 9.
num_vsnodes_deaths: 0.
num_space_committed: 1015.
num_space_uncommitted: 0.
num_chunks_returned_to_freelist: 9.
num_chunks_taken_from_freelist: 2401.
num_chunk_merges: 9.
num_chunk_splits: 1831.
num_chunks_enlarged: 1560.
num_purges: 0.
num_inconsistent_stats: 0.

CodeHeap 'non-profiled nmethods': size=120000Kb used=4794Kb max_used=4794Kb free=115205Kb
 bounds [0x000001c20e4b0000, 0x000001c20e960000, 0x000001c2159e0000]
CodeHeap 'profiled nmethods': size=120000Kb used=19242Kb max_used=19242Kb free=100757Kb
 bounds [0x000001c2069e0000, 0x000001c207cc0000, 0x000001c20df10000]
CodeHeap 'non-nmethods': size=5760Kb used=1317Kb max_used=1420Kb free=4442Kb
 bounds [0x000001c20df10000, 0x000001c20e180000, 0x000001c20e4b0000]
 total_blobs=8756 nmethods=8130 adapters=537
 compilation: enabled
              stopped_count=0, restarted_count=0
 full_count=0

Compilation events (20 events):
Event: 10.294 Thread 0x000001c222cc1340 9772       2       kotlin.sequences.FlatteningSequence$iterator$1::hasNext (5 bytes)
Event: 10.294 Thread 0x000001c222cc1340 nmethod 9772 0x000001c207879990 code [0x000001c207879b20, 0x000001c207879c48]
Event: 10.297 Thread 0x000001c222cbf750 nmethod 9731 0x000001c20e95b290 code [0x000001c20e95b440, 0x000001c20e95c6b8]
Event: 10.297 Thread 0x000001c222cbf750 9706       4       org.jetbrains.kotlin.com.google.common.collect.ArrayListMultimap::createCollection (5 bytes)
Event: 10.299 Thread 0x000001c222cbf750 nmethod 9706 0x000001c20e95cb90 code [0x000001c20e95cd20, 0x000001c20e95d058]
Event: 10.300 Thread 0x000001c222cbf750 9751       4       org.jetbrains.kotlin.descriptors.impl.FunctionDescriptorImpl$CopyConfiguration::<init> (229 bytes)
Event: 10.302 Thread 0x000001c222cc1340 9773       2       org.jetbrains.kotlin.load.java.lazy.descriptors.LazyJavaScope::isFinalStatic (24 bytes)
Event: 10.302 Thread 0x000001c222cc1340 nmethod 9773 0x000001c207816790 code [0x000001c207816940, 0x000001c207816ab8]
Event: 10.303 Thread 0x000001c222cc1340 9774       3       org.jetbrains.kotlin.resolve.DelegationResolver::generateDelegatedMembers (125 bytes)
Event: 10.304 Thread 0x000001c222cc1340 nmethod 9774 0x000001c207cae210 code [0x000001c207cae4e0, 0x000001c207caf748]
Event: 10.310 Thread 0x000001c222cc1340 9776       2       java.lang.invoke.LambdaFormEditor::bindArgumentType (101 bytes)
Event: 10.311 Thread 0x000001c222cc1340 nmethod 9776 0x000001c207779c90 code [0x000001c207779e20, 0x000001c207779f68]
Event: 10.311 Thread 0x000001c222cc1340 9777       2       java.lang.invoke.LambdaFormEditor::bindArgumentForm (269 bytes)
Event: 10.312 Thread 0x000001c222cc1340 nmethod 9777 0x000001c207cafc10 code [0x000001c207caff20, 0x000001c207cb0c48]
Event: 10.312 Thread 0x000001c222cc1340 9778       2       java.lang.invoke.LambdaFormEditor$TransformKey::of (49 bytes)
Event: 10.312 Thread 0x000001c222cc1340 nmethod 9778 0x000001c207779590 code [0x000001c207779740, 0x000001c207779ad8]
Event: 10.315 Thread 0x000001c222cc1340 9779       1       org.jetbrains.kotlin.serialization.deserialization.DeserializationComponents::getClassDataFinder (5 bytes)
Event: 10.316 Thread 0x000001c222cc1340 nmethod 9779 0x000001c20e95d190 code [0x000001c20e95d320, 0x000001c20e95d3f8]
Event: 10.316 Thread 0x000001c222cbf750 nmethod 9751 0x000001c20e95d490 code [0x000001c20e95d620, 0x000001c20e95e6b8]
Event: 10.316 Thread 0x000001c222cbf750 9732       4       org.jetbrains.kotlin.descriptors.impl.FunctionDescriptorImpl::doSubstitute (980 bytes)

GC Heap History (20 events):
Event: 7.047 GC heap before
{Heap before GC invocations=12 (full 0):
 garbage-first heap   total 110592K, used 77754K [0x0000000701800000, 0x0000000800000000)
  region size 2048K, 21 young (43008K), 4 survivors (8192K)
 Metaspace       used 55442K, committed 55680K, reserved 1097728K
  class space    used 6735K, committed 6848K, reserved 1048576K
}
Event: 7.057 GC heap after
{Heap after GC invocations=13 (full 0):
 garbage-first heap   total 110592K, used 44784K [0x0000000701800000, 0x0000000800000000)
  region size 2048K, 2 young (4096K), 2 survivors (4096K)
 Metaspace       used 55442K, committed 55680K, reserved 1097728K
  class space    used 6735K, committed 6848K, reserved 1048576K
}
Event: 7.697 GC heap before
{Heap before GC invocations=13 (full 0):
 garbage-first heap   total 110592K, used 81648K [0x0000000701800000, 0x0000000800000000)
  region size 2048K, 20 young (40960K), 2 survivors (4096K)
 Metaspace       used 58265K, committed 58560K, reserved 1105920K
  class space    used 6982K, committed 7104K, reserved 1048576K
}
Event: 7.716 GC heap after
{Heap after GC invocations=14 (full 0):
 garbage-first heap   total 110592K, used 53359K [0x0000000701800000, 0x0000000800000000)
  region size 2048K, 3 young (6144K), 3 survivors (6144K)
 Metaspace       used 58265K, committed 58560K, reserved 1105920K
  class space    used 6982K, committed 7104K, reserved 1048576K
}
Event: 8.000 GC heap before
{Heap before GC invocations=14 (full 0):
 garbage-first heap   total 110592K, used 65647K [0x0000000701800000, 0x0000000800000000)
  region size 2048K, 10 young (20480K), 3 survivors (6144K)
 Metaspace       used 60243K, committed 60480K, reserved 1105920K
  class space    used 7166K, committed 7296K, reserved 1048576K
}
Event: 8.014 GC heap after
{Heap after GC invocations=15 (full 0):
 garbage-first heap   total 133120K, used 56259K [0x0000000701800000, 0x0000000800000000)
  region size 2048K, 2 young (4096K), 2 survivors (4096K)
 Metaspace       used 60243K, committed 60480K, reserved 1105920K
  class space    used 7166K, committed 7296K, reserved 1048576K
}
Event: 8.817 GC heap before
{Heap before GC invocations=16 (full 0):
 garbage-first heap   total 133120K, used 99267K [0x0000000701800000, 0x0000000800000000)
  region size 2048K, 22 young (45056K), 2 survivors (4096K)
 Metaspace       used 61759K, committed 62080K, reserved 1105920K
  class space    used 7273K, committed 7424K, reserved 1048576K
}
Event: 8.829 GC heap after
{Heap after GC invocations=17 (full 0):
 garbage-first heap   total 133120K, used 67926K [0x0000000701800000, 0x0000000800000000)
  region size 2048K, 3 young (6144K), 3 survivors (6144K)
 Metaspace       used 61759K, committed 62080K, reserved 1105920K
  class space    used 7273K, committed 7424K, reserved 1048576K
}
Event: 9.212 GC heap before
{Heap before GC invocations=17 (full 0):
 garbage-first heap   total 133120K, used 98646K [0x0000000701800000, 0x0000000800000000)
  region size 2048K, 18 young (36864K), 3 survivors (6144K)
 Metaspace       used 62656K, committed 62976K, reserved 1105920K
  class space    used 7331K, committed 7488K, reserved 1048576K
}
Event: 9.223 GC heap after
{Heap after GC invocations=18 (full 0):
 garbage-first heap   total 133120K, used 75260K [0x0000000701800000, 0x0000000800000000)
  region size 2048K, 3 young (6144K), 3 survivors (6144K)
 Metaspace       used 62656K, committed 62976K, reserved 1105920K
  class space    used 7331K, committed 7488K, reserved 1048576K
}
Event: 9.463 GC heap before
{Heap before GC invocations=19 (full 0):
 garbage-first heap   total 137216K, used 99836K [0x0000000701800000, 0x0000000800000000)
  region size 2048K, 15 young (30720K), 3 survivors (6144K)
 Metaspace       used 62836K, committed 63168K, reserved 1105920K
  class space    used 7341K, committed 7488K, reserved 1048576K
}
Event: 9.472 GC heap after
{Heap after GC invocations=20 (full 0):
 garbage-first heap   total 137216K, used 79940K [0x0000000701800000, 0x0000000800000000)
  region size 2048K, 2 young (4096K), 2 survivors (4096K)
 Metaspace       used 62836K, committed 63168K, reserved 1105920K
  class space    used 7341K, committed 7488K, reserved 1048576K
}
Event: 9.755 GC heap before
{Heap before GC invocations=20 (full 0):
 garbage-first heap   total 137216K, used 106564K [0x0000000701800000, 0x0000000800000000)
  region size 2048K, 15 young (30720K), 2 survivors (4096K)
 Metaspace       used 64243K, committed 64640K, reserved 1105920K
  class space    used 7516K, committed 7680K, reserved 1048576K
}
Event: 9.763 GC heap after
{Heap after GC invocations=21 (full 0):
 garbage-first heap   total 137216K, used 85202K [0x0000000701800000, 0x0000000800000000)
  region size 2048K, 2 young (4096K), 2 survivors (4096K)
 Metaspace       used 64243K, committed 64640K, reserved 1105920K
  class space    used 7516K, committed 7680K, reserved 1048576K
}
Event: 10.021 GC heap before
{Heap before GC invocations=22 (full 0):
 garbage-first heap   total 157696K, used 107730K [0x0000000701800000, 0x0000000800000000)
  region size 2048K, 13 young (26624K), 2 survivors (4096K)
 Metaspace       used 64482K, committed 64832K, reserved 1105920K
  class space    used 7528K, committed 7680K, reserved 1048576K
}
Event: 10.031 GC heap after
{Heap after GC invocations=23 (full 0):
 garbage-first heap   total 157696K, used 89277K [0x0000000701800000, 0x0000000800000000)
  region size 2048K, 2 young (4096K), 2 survivors (4096K)
 Metaspace       used 64482K, committed 64832K, reserved 1105920K
  class space    used 7528K, committed 7680K, reserved 1048576K
}
Event: 10.046 GC heap before
{Heap before GC invocations=23 (full 0):
 garbage-first heap   total 157696K, used 91325K [0x0000000701800000, 0x0000000800000000)
  region size 2048K, 3 young (6144K), 2 survivors (4096K)
 Metaspace       used 64488K, committed 64832K, reserved 1105920K
  class space    used 7528K, committed 7680K, reserved 1048576K
}
Event: 10.053 GC heap after
{Heap after GC invocations=24 (full 0):
 garbage-first heap   total 157696K, used 90415K [0x0000000701800000, 0x0000000800000000)
  region size 2048K, 1 young (2048K), 1 survivors (2048K)
 Metaspace       used 64488K, committed 64832K, reserved 1105920K
  class space    used 7528K, committed 7680K, reserved 1048576K
}
Event: 10.225 GC heap before
{Heap before GC invocations=24 (full 0):
 garbage-first heap   total 157696K, used 123183K [0x0000000701800000, 0x0000000800000000)
  region size 2048K, 17 young (34816K), 1 survivors (2048K)
 Metaspace       used 64675K, committed 65024K, reserved 1105920K
  class space    used 7533K, committed 7680K, reserved 1048576K
}
Event: 10.232 GC heap after
{Heap after GC invocations=25 (full 0):
 garbage-first heap   total 315392K, used 94907K [0x0000000701800000, 0x0000000800000000)
  region size 2048K, 3 young (6144K), 3 survivors (6144K)
 Metaspace       used 64675K, committed 65024K, reserved 1105920K
  class space    used 7533K, committed 7680K, reserved 1048576K
}

Dll operation events (2 events):
Event: 0.008 Loaded shared library C:\Program Files\Android\Android Studio\jbr\bin\java.dll
Event: 0.754 Loaded shared library C:\Program Files\Android\Android Studio\jbr\bin\verify.dll

Deoptimization events (20 events):
Event: 9.994 Thread 0x000001c203509330 Uncommon trap: trap_request=0xffffffc6 fr.pc=0x000001c20e8e432c relative=0x00000000000013ec
Event: 9.994 Thread 0x000001c203509330 Uncommon trap: reason=bimorphic_or_optimized_type_check action=maybe_recompile pc=0x000001c20e8e432c method=org.jetbrains.kotlin.descriptors.DescriptorVisibility.compareTo(Lorg/jetbrains/kotlin/descriptors/DescriptorVisibility;)Ljava/lang/Integer; @ 14 c2
Event: 9.994 Thread 0x000001c203509330 DEOPT PACKING pc=0x000001c20e8e432c sp=0x000000059cafda10
Event: 9.994 Thread 0x000001c203509330 DEOPT UNPACKING pc=0x000001c20df6a1a3 sp=0x000000059cafd810 mode 2
Event: 10.039 Thread 0x000001c203509330 Uncommon trap: trap_request=0xffffffde fr.pc=0x000001c20e6f7a34 relative=0x00000000000004d4
Event: 10.039 Thread 0x000001c203509330 Uncommon trap: reason=class_check action=maybe_recompile pc=0x000001c20e6f7a34 method=kotlin.collections.CollectionsKt___CollectionsKt.toSet(Ljava/lang/Iterable;)Ljava/util/Set; @ 58 c2
Event: 10.039 Thread 0x000001c203509330 DEOPT PACKING pc=0x000001c20e6f7a34 sp=0x000000059cafc750
Event: 10.039 Thread 0x000001c203509330 DEOPT UNPACKING pc=0x000001c20df6a1a3 sp=0x000000059cafc740 mode 2
Event: 10.055 Thread 0x000001c203509330 Uncommon trap: trap_request=0xffffffc6 fr.pc=0x000001c20e8e432c relative=0x00000000000013ec
Event: 10.055 Thread 0x000001c203509330 Uncommon trap: reason=bimorphic_or_optimized_type_check action=maybe_recompile pc=0x000001c20e8e432c method=org.jetbrains.kotlin.descriptors.DescriptorVisibility.compareTo(Lorg/jetbrains/kotlin/descriptors/DescriptorVisibility;)Ljava/lang/Integer; @ 14 c2
Event: 10.055 Thread 0x000001c203509330 DEOPT PACKING pc=0x000001c20e8e432c sp=0x000000059cafda10
Event: 10.055 Thread 0x000001c203509330 DEOPT UNPACKING pc=0x000001c20df6a1a3 sp=0x000000059cafd810 mode 2
Event: 10.117 Thread 0x000001c203509330 Uncommon trap: trap_request=0xffffff76 fr.pc=0x000001c20e609364 relative=0x0000000000000ce4
Event: 10.117 Thread 0x000001c203509330 Uncommon trap: reason=predicate action=maybe_recompile pc=0x000001c20e609364 method=org.jetbrains.kotlin.descriptors.impl.FunctionDescriptorImpl.initialize(Lorg/jetbrains/kotlin/descriptors/ReceiverParameterDescriptor;Lorg/jetbrains/kotlin/descriptors/Rec
Event: 10.117 Thread 0x000001c203509330 DEOPT PACKING pc=0x000001c20e609364 sp=0x000000059cafa490
Event: 10.117 Thread 0x000001c203509330 DEOPT UNPACKING pc=0x000001c20df6a1a3 sp=0x000000059cafa418 mode 2
Event: 10.120 Thread 0x000001c203509330 Uncommon trap: trap_request=0xffffffc6 fr.pc=0x000001c20e8ebcd4 relative=0x00000000000005d4
Event: 10.120 Thread 0x000001c203509330 Uncommon trap: reason=bimorphic_or_optimized_type_check action=maybe_recompile pc=0x000001c20e8ebcd4 method=kotlin.sequences.FlatteningSequence$iterator$1.ensureItemIterator()Z @ 59 c2
Event: 10.120 Thread 0x000001c203509330 DEOPT PACKING pc=0x000001c20e8ebcd4 sp=0x000000059cafb390
Event: 10.120 Thread 0x000001c203509330 DEOPT UNPACKING pc=0x000001c20df6a1a3 sp=0x000000059cafb2e8 mode 2

Classes unloaded (0 events):
No events

Classes redefined (0 events):
No events

Internal exceptions (20 events):
Event: 7.792 Thread 0x000001c203509330 Exception <a 'java/lang/NoSuchMethodError'{0x000000070a84dd90}: 'java.lang.Object java.lang.invoke.DirectMethodHandle$Holder.newInvokeSpecial(java.lang.Object, java.lang.Object, java.lang.Object, java.lang.Object, java.lang.Object, java.lang.Object, java.lang.Object, java.lang.Object)'> (0x000000070a84dd90) 
thrown [s\src\hotspot\share\interpreter\linkResolver.cpp, line 771]
Event: 7.792 Thread 0x000001c203509330 Exception <a 'java/lang/NoSuchMethodError'{0x000000070a8533a8}: 'java.lang.Object java.lang.invoke.DirectMethodHandle$Holder.invokeSpecial(java.lang.Object, java.lang.Object, java.lang.Object, java.lang.Object, java.lang.Object, java.lang.Object, java.lang.Object, java.lang.Object, java.lang.Object)'> (0x000000070a8533a8) 
thrown [s\src\hotspot\share\interpreter\linkResolver.cpp, line 771]
Event: 7.792 Thread 0x000001c203509330 Exception <a 'java/lang/NoSuchMethodError'{0x000000070a8582d8}: 'java.lang.Object java.lang.invoke.Invokers$Holder.linkToTargetMethod(java.lang.Object, java.lang.Object, java.lang.Object, java.lang.Object, java.lang.Object, java.lang.Object, java.lang.Object, java.lang.Object)'> (0x000000070a8582d8) 
thrown [s\src\hotspot\share\interpreter\linkResolver.cpp, line 771]
Event: 7.898 Thread 0x000001c203509330 Exception <a 'java/lang/NoSuchMethodError'{0x0000000707a16cb8}: 'int java.lang.invoke.DirectMethodHandle$Holder.invokeInterface(java.lang.Object, java.lang.Object)'> (0x0000000707a16cb8) 
thrown [s\src\hotspot\share\interpreter\linkResolver.cpp, line 771]
Event: 7.972 Thread 0x000001c203509330 Implicit null exception at 0x000001c20e4dd5d4 to 0x000001c20e4ddabc
Event: 8.028 Thread 0x000001c203509330 Implicit null exception at 0x000001c20e783ed5 to 0x000001c20e7840d0
Event: 8.639 Thread 0x000001c203509330 Exception <a 'java/lang/NoSuchMethodError'{0x0000000707d5cd70}: 'java.lang.Object java.lang.invoke.DirectMethodHandle$Holder.newInvokeSpecial(java.lang.Object, java.lang.Object, java.lang.Object, java.lang.Object, java.lang.Object, java.lang.Object)'> (0x0000000707d5cd70) 
thrown [s\src\hotspot\share\interpreter\linkResolver.cpp, line 771]
Event: 8.643 Thread 0x000001c203509330 Implicit null exception at 0x000001c20e74d531 to 0x000001c20e74d938
Event: 8.671 Thread 0x000001c203509330 Implicit null exception at 0x000001c20e589e6d to 0x000001c20e58a040
Event: 8.694 Thread 0x000001c203509330 Implicit null exception at 0x000001c20e50106b to 0x000001c20e501240
Event: 9.027 Thread 0x000001c203509330 Exception <a 'java/lang/NoSuchMethodError'{0x0000000708ad0de0}: 'java.lang.Object java.lang.invoke.DirectMethodHandle$Holder.invokeStaticInit(java.lang.Object, java.lang.Object, java.lang.Object)'> (0x0000000708ad0de0) 
thrown [s\src\hotspot\share\interpreter\linkResolver.cpp, line 771]
Event: 9.410 Thread 0x000001c203509330 Exception <a 'java/lang/NoSuchMethodError'{0x0000000708d4b718}: 'java.lang.Object java.lang.invoke.DirectMethodHandle$Holder.newInvokeSpecial(java.lang.Object, int, java.lang.Object)'> (0x0000000708d4b718) 
thrown [s\src\hotspot\share\interpreter\linkResolver.cpp, line 771]
Event: 9.546 Thread 0x000001c203509330 Implicit null exception at 0x000001c20e8c4a97 to 0x000001c20e8c4fd7
Event: 9.576 Thread 0x000001c203509330 Exception <a 'java/lang/NoSuchMethodError'{0x0000000709472c78}: 'java.lang.Object java.lang.invoke.DirectMethodHandle$Holder.newInvokeSpecial(java.lang.Object, java.lang.Object, java.lang.Object, java.lang.Object, java.lang.Object, java.lang.Object, java.lang.Object)'> (0x0000000709472c78) 
thrown [s\src\hotspot\share\interpreter\linkResolver.cpp, line 771]
Event: 9.576 Thread 0x000001c203509330 Exception <a 'java/lang/NoSuchMethodError'{0x0000000709478028}: 'java.lang.Object java.lang.invoke.Invokers$Holder.linkToTargetMethod(java.lang.Object, java.lang.Object, java.lang.Object, java.lang.Object, java.lang.Object, java.lang.Object, java.lang.Object)'> (0x0000000709478028) 
thrown [s\src\hotspot\share\interpreter\linkResolver.cpp, line 771]
Event: 9.604 Thread 0x000001c203509330 Exception <a 'java/lang/NoSuchMethodError'{0x00000007092cafe0}: 'java.lang.Object java.lang.invoke.DirectMethodHandle$Holder.invokeInterface(java.lang.Object, java.lang.Object, java.lang.Object)'> (0x00000007092cafe0) 
thrown [s\src\hotspot\share\interpreter\linkResolver.cpp, line 771]
Event: 9.604 Thread 0x000001c203509330 Exception <a 'java/lang/IncompatibleClassChangeError'{0x00000007092cf148}: Found class java.lang.Object, but interface was expected> (0x00000007092cf148) 
thrown [s\src\hotspot\share\interpreter\linkResolver.cpp, line 838]
Event: 9.610 Thread 0x000001c203509330 Implicit null exception at 0x000001c20e5a1da0 to 0x000001c20e5a1f1c
Event: 9.610 Thread 0x000001c203509330 Implicit null exception at 0x000001c20e518758 to 0x000001c20e5187ee
Event: 10.310 Thread 0x000001c203509330 Exception <a 'java/lang/NoSuchMethodError'{0x00000007140b48f8}: 'int java.lang.invoke.DirectMethodHandle$Holder.invokeStaticInit(java.lang.Object, int)'> (0x00000007140b48f8) 
thrown [s\src\hotspot\share\interpreter\linkResolver.cpp, line 771]

VM Operations (20 events):
Event: 9.838 Executing VM operation: G1Concurrent
Event: 9.838 Executing VM operation: G1Concurrent done
Event: 9.931 Executing VM operation: HandshakeAllThreads
Event: 9.931 Executing VM operation: HandshakeAllThreads done
Event: 9.994 Executing VM operation: ICBufferFull
Event: 9.994 Executing VM operation: ICBufferFull done
Event: 10.021 Executing VM operation: G1CollectForAllocation
Event: 10.031 Executing VM operation: G1CollectForAllocation done
Event: 10.046 Executing VM operation: G1CollectForAllocation
Event: 10.053 Executing VM operation: G1CollectForAllocation done
Event: 10.119 Executing VM operation: HandshakeAllThreads
Event: 10.119 Executing VM operation: HandshakeAllThreads done
Event: 10.225 Executing VM operation: G1CollectForAllocation
Event: 10.232 Executing VM operation: G1CollectForAllocation done
Event: 10.286 Executing VM operation: G1Concurrent
Event: 10.292 Executing VM operation: G1Concurrent done
Event: 10.313 Executing VM operation: HandshakeAllThreads
Event: 10.313 Executing VM operation: HandshakeAllThreads done
Event: 10.317 Executing VM operation: G1Concurrent
Event: 10.317 Executing VM operation: G1Concurrent done

Events (20 events):
Event: 9.611 Thread 0x000001c222cc1d30 flushing nmethod 0x000001c20799a690
Event: 9.611 Thread 0x000001c222cc1d30 flushing nmethod 0x000001c2079a6190
Event: 9.611 Thread 0x000001c222cc1d30 flushing nmethod 0x000001c2079ce690
Event: 9.611 Thread 0x000001c222cc1d30 flushing nmethod 0x000001c2079ff590
Event: 9.611 Thread 0x000001c222cc1d30 flushing nmethod 0x000001c207a29210
Event: 9.611 Thread 0x000001c222cc1d30 flushing nmethod 0x000001c207a2a990
Event: 9.611 Thread 0x000001c222cc1d30 flushing nmethod 0x000001c207a38990
Event: 9.611 Thread 0x000001c222cc1d30 flushing nmethod 0x000001c207a5e690
Event: 9.611 Thread 0x000001c222cc1d30 flushing nmethod 0x000001c207a74990
Event: 9.611 Thread 0x000001c222cc1d30 flushing nmethod 0x000001c207a76790
Event: 9.611 Thread 0x000001c222cc1d30 flushing nmethod 0x000001c207a78d10
Event: 9.611 Thread 0x000001c222cc1d30 flushing nmethod 0x000001c207a9d190
Event: 9.611 Thread 0x000001c222cc1d30 flushing nmethod 0x000001c207b1b210
Event: 9.611 Thread 0x000001c222cc1d30 flushing nmethod 0x000001c207b5b910
Event: 9.611 Thread 0x000001c222cc1d30 flushing nmethod 0x000001c207b85590
Event: 9.612 Thread 0x000001c222cc1d30 flushing nmethod 0x000001c207b9fb90
Event: 9.612 Thread 0x000001c222cc1d30 flushing nmethod 0x000001c207bfb310
Event: 9.612 Thread 0x000001c222cc1d30 flushing nmethod 0x000001c207c0cb10
Event: 9.612 Thread 0x000001c222cc1d30 flushing nmethod 0x000001c207c0d790
Event: 9.612 Thread 0x000001c222cc1d30 flushing nmethod 0x000001c207c27190


Dynamic libraries:
0x00007ff683780000 - 0x00007ff68378a000 	C:\Program Files\Android\Android Studio\jbr\bin\java.exe
0x00007fffb4a50000 - 0x00007fffb4c48000 	C:\Windows\SYSTEM32\ntdll.dll
0x00007fffb3900000 - 0x00007fffb39bd000 	C:\Windows\System32\KERNEL32.DLL
0x00007fffb2320000 - 0x00007fffb2616000 	C:\Windows\System32\KERNELBASE.dll
0x00007fffb2220000 - 0x00007fffb2320000 	C:\Windows\System32\ucrtbase.dll
0x00007fff781f0000 - 0x00007fff78207000 	C:\Program Files\Android\Android Studio\jbr\bin\jli.dll
0x00007fff77cf0000 - 0x00007fff77d0b000 	C:\Program Files\Android\Android Studio\jbr\bin\VCRUNTIME140.dll
0x00007fffb3760000 - 0x00007fffb38fe000 	C:\Windows\System32\USER32.dll
0x00007fffb2890000 - 0x00007fffb28b2000 	C:\Windows\System32\win32u.dll
0x00007fff9d290000 - 0x00007fff9d52a000 	C:\Windows\WinSxS\amd64_microsoft.windows.common-controls_6595b64144ccf1df_6.0.19041.3636_none_60b6a03d71f818d5\COMCTL32.dll
0x00007fffb3d00000 - 0x00007fffb3d2c000 	C:\Windows\System32\GDI32.dll
0x00007fffb2770000 - 0x00007fffb288a000 	C:\Windows\System32\gdi32full.dll
0x00007fffb3ed0000 - 0x00007fffb3f6e000 	C:\Windows\System32\msvcrt.dll
0x00007fffb2130000 - 0x00007fffb21cd000 	C:\Windows\System32\msvcp_win.dll
0x00007fffb49e0000 - 0x00007fffb4a10000 	C:\Windows\System32\IMM32.DLL
0x00007fff84460000 - 0x00007fff8446c000 	C:\Program Files\Android\Android Studio\jbr\bin\vcruntime140_1.dll
0x00007fff3b490000 - 0x00007fff3b51d000 	C:\Program Files\Android\Android Studio\jbr\bin\msvcp140.dll
0x00007fff17300000 - 0x00007fff17f6d000 	C:\Program Files\Android\Android Studio\jbr\bin\server\jvm.dll
0x00007fffb40b0000 - 0x00007fffb415f000 	C:\Windows\System32\ADVAPI32.dll
0x00007fffb4240000 - 0x00007fffb42dc000 	C:\Windows\System32\sechost.dll
0x00007fffb3da0000 - 0x00007fffb3ec6000 	C:\Windows\System32\RPCRT4.dll
0x00007fff91380000 - 0x00007fff91389000 	C:\Windows\SYSTEM32\WSOCK32.dll
0x00007fffac270000 - 0x00007fffac27a000 	C:\Windows\SYSTEM32\VERSION.dll
0x00007fffab9d0000 - 0x00007fffab9f7000 	C:\Windows\SYSTEM32\WINMM.dll
0x00007fffb3d30000 - 0x00007fffb3d9b000 	C:\Windows\System32\WS2_32.dll
0x00007fffaff30000 - 0x00007fffaff42000 	C:\Windows\SYSTEM32\kernel.appcore.dll
0x00007fffaf8f0000 - 0x00007fffaf8fa000 	C:\Program Files\Android\Android Studio\jbr\bin\jimage.dll
0x00007fff9e2d0000 - 0x00007fff9e4b4000 	C:\Windows\SYSTEM32\DBGHELP.DLL
0x00007fff83bc0000 - 0x00007fff83bf4000 	C:\Windows\SYSTEM32\dbgcore.DLL
0x00007fffb2a20000 - 0x00007fffb2aa2000 	C:\Windows\System32\bcryptPrimitives.dll
0x00007fffa9ea0000 - 0x00007fffa9ec5000 	C:\Program Files\Android\Android Studio\jbr\bin\java.dll
0x00007fffa9e80000 - 0x00007fffa9e98000 	C:\Program Files\Android\Android Studio\jbr\bin\zip.dll
0x00007fffb3010000 - 0x00007fffb3754000 	C:\Windows\System32\SHELL32.dll
0x00007fffb0210000 - 0x00007fffb09ab000 	C:\Windows\SYSTEM32\windows.storage.dll
0x00007fffb42e0000 - 0x00007fffb4634000 	C:\Windows\System32\combase.dll
0x00007fffb1b70000 - 0x00007fffb1b9d000 	C:\Windows\SYSTEM32\Wldp.dll
0x00007fffb4640000 - 0x00007fffb46ed000 	C:\Windows\System32\SHCORE.dll
0x00007fffb3c40000 - 0x00007fffb3c95000 	C:\Windows\System32\shlwapi.dll
0x00007fffb2060000 - 0x00007fffb2085000 	C:\Windows\SYSTEM32\profapi.dll
0x00007fff9d070000 - 0x00007fff9d089000 	C:\Program Files\Android\Android Studio\jbr\bin\net.dll
0x00007fffabf10000 - 0x00007fffac01a000 	C:\Windows\SYSTEM32\WINHTTP.dll
0x00007fffb18d0000 - 0x00007fffb193a000 	C:\Windows\system32\mswsock.dll
0x00007fff9c840000 - 0x00007fff9c856000 	C:\Program Files\Android\Android Studio\jbr\bin\nio.dll
0x00007fff9c830000 - 0x00007fff9c840000 	C:\Program Files\Android\Android Studio\jbr\bin\verify.dll

dbghelp: loaded successfully - version: 4.0.5 - missing functions: none
symbol engine: initialized successfully - sym options: 0x614 - pdb path: .;C:\Program Files\Android\Android Studio\jbr\bin;C:\Windows\SYSTEM32;C:\Windows\WinSxS\amd64_microsoft.windows.common-controls_6595b64144ccf1df_6.0.19041.3636_none_60b6a03d71f818d5;C:\Program Files\Android\Android Studio\jbr\bin\server

VM Arguments:
java_command: org.jetbrains.kotlin.cli.jvm.K2JVMCompiler @E:\androidProjects\tawajood\AghsiliniCustomer\app\build\20231211_17508373771527285933.compiler.options
java_class_path (initial): C:\Users\alhussien\.gradle\caches\modules-2\files-2.1\org.jetbrains.kotlin\kotlin-compiler-embeddable\1.7.10\909803167c98606fcf22b4c848647c68e351d48d\kotlin-compiler-embeddable-1.7.10.jar;C:\Users\alhussien\.gradle\caches\modules-2\files-2.1\org.jetbrains.kotlin\kotlin-reflect\1.7.10\165e600dfea6185cf5efa700756294cc4904dbeb\kotlin-reflect-1.7.10.jar;C:\Users\alhussien\.gradle\caches\modules-2\files-2.1\org.jetbrains.kotlin\kotlin-stdlib\1.7.10\d2abf9e77736acc4450dc4a3f707fa2c10f5099d\kotlin-stdlib-1.7.10.jar;C:\Users\alhussien\.gradle\caches\modules-2\files-2.1\org.jetbrains.kotlin\kotlin-script-runtime\1.7.10\c99c87a6988d8fd8d5142e9ed5c9f34a7cf561ee\kotlin-script-runtime-1.7.10.jar;C:\Users\alhussien\.gradle\caches\modules-2\files-2.1\org.jetbrains.kotlin\kotlin-daemon-embeddable\1.7.10\3a9f7aef7080d3ae63126cbba4f827ed664f32fa\kotlin-daemon-embeddable-1.7.10.jar;C:\Users\alhussien\.gradle\caches\modules-2\files-2.1\org.jetbrains.intellij.deps\trove4j\1.0.20200330\3afb14d5f9ceb459d724e907a21145e8ff394f02\trove4j-1.0.20200330.jar;C:\Users\alhussien\.gradle\caches\modules-2\files-2.1\net.java.dev.jna\jna\5.6.0\330f2244e9030119ab3030fc3fededc86713d9cc\jna-5.6.0.jar;C:\Users\alhussien\.gradle\caches\modules-2\files-2.1\org.jetbrains.kotlin\kotlin-stdlib-common\1.7.10\bac80c520d0a9e3f3673bc2658c6ed02ef45a76a\kotlin-stdlib-common-1.7.10.jar;C:\Users\alhussien\.gradle\caches\modules-2\files-2.1\org.jetbrains\annotations\13.0\919f0dfe192fb4e063e7dacadee7f8bb9a2672a9\annotations-13.0.jar
Launcher Type: SUN_STANDARD

[Global flags]
     intx CICompilerCount                          = 4                                         {product} {ergonomic}
     uint ConcGCThreads                            = 3                                         {product} {ergonomic}
     uint G1ConcRefinementThreads                  = 10                                        {product} {ergonomic}
   size_t G1HeapRegionSize                         = 2097152                                   {product} {ergonomic}
    uintx GCDrainStackTargetSize                   = 64                                        {product} {ergonomic}
   size_t InitialHeapSize                          = 268435456                                 {product} {ergonomic}
   size_t MarkStackSize                            = 4194304                                   {product} {ergonomic}
   size_t MaxHeapSize                              = 4269801472                                {product} {ergonomic}
   size_t MaxNewSize                               = 2560622592                                {product} {ergonomic}
   size_t MinHeapDeltaBytes                        = 2097152                                   {product} {ergonomic}
   size_t MinHeapSize                              = 8388608                                   {product} {ergonomic}
    uintx NonNMethodCodeHeapSize                   = 5839372                                {pd product} {ergonomic}
    uintx NonProfiledCodeHeapSize                  = 122909434                              {pd product} {ergonomic}
    uintx ProfiledCodeHeapSize                     = 122909434                              {pd product} {ergonomic}
    uintx ReservedCodeCacheSize                    = 251658240                              {pd product} {ergonomic}
     bool SegmentedCodeCache                       = true                                      {product} {ergonomic}
   size_t SoftMaxHeapSize                          = 4269801472                             {manageable} {ergonomic}
     bool UseCompressedClassPointers               = true                           {product lp64_product} {ergonomic}
     bool UseCompressedOops                        = true                           {product lp64_product} {ergonomic}
     bool UseG1GC                                  = true                                      {product} {ergonomic}
     bool UseLargePagesIndividualAllocation        = false                                  {pd product} {ergonomic}

Logging:
Log output configuration:
 #0: stdout all=warning uptime,level,tags
 #1: stderr all=off uptime,level,tags

Environment Variables:
JAVA_HOME=C:\Program Files\Java\jdk-17.0.1
PATH=C:\Program Files\Common Files\Oracle\Java\javapath;C:\Windows\system32;C:\Windows;C:\Windows\System32\Wbem;C:\Windows\System32\WindowsPowerShell\v1.0\;C:\Windows\System32\OpenSSH\;C:\Program Files (x86)\NVIDIA Corporation\PhysX\Common;C:\Program Files\NVIDIA Corporation\NVIDIA NvDLISR;C:\Program Files\Java\jdk-17.0.1\bin;C:\Program Files\Git\cmd;C:\Program Files\Microsoft SQL Server\120\Tools\Binn\;C:\Program Files\Microsoft SQL Server\Client SDK\ODBC\110\Tools\Binn\;C:\Program Files (x86)\Microsoft SQL Server\120\Tools\Binn\;C:\Program Files\Microsoft SQL Server\120\DTS\Binn\;C:\Program Files (x86)\Windows Kits\8.1\Windows Performance Toolkit\;C:\Users\alhussien\AppData\Local\Microsoft\WindowsApps;
USERNAME=alhussien
OS=Windows_NT
PROCESSOR_IDENTIFIER=Intel64 Family 6 Model 167 Stepping 1, GenuineIntel
TMP=C:\Users\ALHUSS~1\AppData\Local\Temp
TEMP=C:\Users\ALHUSS~1\AppData\Local\Temp



---------------  S Y S T E M  ---------------

OS:
 Windows 10 , 64 bit Build 19041 (10.0.19041.3636)
OS uptime: 0 days 21:42 hours

CPU: total 12 (initial active 12) (6 cores per cpu, 2 threads per core) family 6 model 167 stepping 1 microcode 0x2c, cx8, cmov, fxsr, ht, mmx, 3dnowpref, sse, sse2, sse3, ssse3, sse4.1, sse4.2, popcnt, lzcnt, tsc, tscinvbit, avx, avx2, aes, erms, clmul, bmi1, bmi2, adx, avx512f, avx512dq, avx512cd, avx512bw, avx512vl, sha, fma, vzeroupper, avx512_vpopcntdq, avx512_vpclmulqdq, avx512_vaes, avx512_vnni, clflush, clflushopt, avx512_vbmi2, avx512_vbmi

Memory: 4k page, system-wide physical 16281M (543M free)
TotalPageFile size 46657M (AvailPageFile size 5M)
current process WorkingSet (physical memory assigned to process): 360M, peak: 361M
current process commit charge ("private bytes"): 547M, peak: 549M

vm_info: OpenJDK 64-Bit Server VM (17.0.6+0-b2043.56-9586694) for windows-amd64 JRE (17.0.6+0-b2043.56-9586694), built on Feb  9 2023 20:06:20 by "androidbuild" with MS VC++ 16.10 / 16.11 (VS2019)

END.
